<?xml version="1.0" encoding="UTF-8" ?>
<testsuite tests="7" failures="0" name="com.itheima.test.MyBatisTest" time="4.053" errors="2" skipped="0">
  <properties>
[...]
</properties>
  <testcase classname="com.itheima.test.MyBatisTest" name="testSelectByCondition" time="2.454"/>
  <testcase classname="com.itheima.test.MyBatisTest" name="testAdd" time="0.317">
    <error message="
### Error updating database.  Cause: com.mysql.jdbc.exceptions.jdbc4.MySQLIntegrityConstraintViolationException: Duplicate entry &apos;波导手机333&apos; for key &apos;brand_name&apos;
### The error may exist in com/itheima/mapper/BrandMapper.xml
### The error may involve defaultParameterMap
### The error occurred while setting parameters
### SQL: insert into tb_brand (brand_name, company_name, ordered, description, status)         value(?, ?, ?, ?, ?)
### Cause: com.mysql.jdbc.exceptions.jdbc4.MySQLIntegrityConstraintViolationException: Duplicate entry &apos;波导手机333&apos; for key &apos;brand_name&apos;" type="org.apache.ibatis.exceptions.PersistenceException">org.apache.ibatis.exceptions.PersistenceException: 
### Error updating database.  Cause: com.mysql.jdbc.exceptions.jdbc4.MySQLIntegrityConstraintViolationException: Duplicate entry &apos;波导手机333&apos; for key &apos;brand_name&apos;
### The error may exist in com/itheima/mapper/BrandMapper.xml
### The error may involve defaultParameterMap
### The error occurred while setting parameters
### SQL: insert into tb_brand (brand_name, company_name, ordered, description, status)         value(?, ?, ?, ?, ?)
### Cause: com.mysql.jdbc.exceptions.jdbc4.MySQLIntegrityConstraintViolationException: Duplicate entry &apos;波导手机333&apos; for key &apos;brand_name&apos;
	at org.apache.ibatis.exceptions.ExceptionFactory.wrapException(ExceptionFactory.java:30)
	at org.apache.ibatis.session.defaults.DefaultSqlSession.update(DefaultSqlSession.java:196)
	at org.apache.ibatis.session.defaults.DefaultSqlSession.insert(DefaultSqlSession.java:181)
	at org.apache.ibatis.binding.MapperMethod.execute(MapperMethod.java:62)
	at org.apache.ibatis.binding.MapperProxy$PlainMethodInvoker.invoke(MapperProxy.java:145)
	at org.apache.ibatis.binding.MapperProxy.invoke(MapperProxy.java:86)
	at jdk.proxy2/jdk.proxy2.$Proxy8.add(Unknown Source)
	at com.itheima.test.MyBatisTest.testAdd(MyBatisTest.java:205)
	at java.base/jdk.internal.reflect.NativeMethodAccessorImpl.invoke0(Native Method)
	at java.base/jdk.internal.reflect.NativeMethodAccessorImpl.invoke(NativeMethodAccessorImpl.java:77)
	at java.base/jdk.internal.reflect.DelegatingMethodAccessorImpl.invoke(DelegatingMethodAccessorImpl.java:43)
	at java.base/java.lang.reflect.Method.invoke(Method.java:568)
	at org.junit.runners.model.FrameworkMethod$1.runReflectiveCall(FrameworkMethod.java:59)
	at org.junit.internal.runners.model.ReflectiveCallable.run(ReflectiveCallable.java:12)
	at org.junit.runners.model.FrameworkMethod.invokeExplosively(FrameworkMethod.java:56)
	at org.junit.internal.runners.statements.InvokeMethod.evaluate(InvokeMethod.java:17)
	at org.junit.runners.ParentRunner$3.evaluate(ParentRunner.java:306)
	at org.junit.runners.BlockJUnit4ClassRunner$1.evaluate(BlockJUnit4ClassRunner.java:100)
	at org.junit.runners.ParentRunner.runLeaf(ParentRunner.java:366)
	at org.junit.runners.BlockJUnit4ClassRunner.runChild(BlockJUnit4ClassRunner.java:103)
	at org.junit.runners.BlockJUnit4ClassRunner.runChild(BlockJUnit4ClassRunner.java:63)
	at org.junit.runners.ParentRunner$4.run(ParentRunner.java:331)
	at org.junit.runners.ParentRunner$1.schedule(ParentRunner.java:79)
	at org.junit.runners.ParentRunner.runChildren(ParentRunner.java:329)
	at org.junit.runners.ParentRunner.access$100(ParentRunner.java:66)
	at org.junit.runners.ParentRunner$2.evaluate(ParentRunner.java:293)
	at org.junit.runners.ParentRunner$3.evaluate(ParentRunner.java:306)
	at org.junit.runners.ParentRunner.run(ParentRunner.java:413)
	at org.apache.maven.surefire.junit4.JUnit4Provider.execute(JUnit4Provider.java:252)
	at org.apache.maven.surefire.junit4.JUnit4Provider.executeTestSet(JUnit4Provider.java:141)
	at org.apache.maven.surefire.junit4.JUnit4Provider.invoke(JUnit4Provider.java:112)
	at java.base/jdk.internal.reflect.NativeMethodAccessorImpl.invoke0(Native Method)
	at java.base/jdk.internal.reflect.NativeMethodAccessorImpl.invoke(NativeMethodAccessorImpl.java:77)
	at java.base/jdk.internal.reflect.DelegatingMethodAccessorImpl.invoke(DelegatingMethodAccessorImpl.java:43)
	at java.base/java.lang.reflect.Method.invoke(Method.java:568)
	at org.apache.maven.surefire.util.ReflectionUtils.invokeMethodWithArray(ReflectionUtils.java:189)
	at org.apache.maven.surefire.booter.ProviderFactory$ProviderProxy.invoke(ProviderFactory.java:165)
	at org.apache.maven.surefire.booter.ProviderFactory.invokeProvider(ProviderFactory.java:85)
	at org.apache.maven.surefire.booter.ForkedBooter.runSuitesInProcess(ForkedBooter.java:115)
	at org.apache.maven.surefire.booter.ForkedBooter.main(ForkedBooter.java:75)
Caused by: com.mysql.jdbc.exceptions.jdbc4.MySQLIntegrityConstraintViolationException: Duplicate entry &apos;波导手机333&apos; for key &apos;brand_name&apos;
	at java.base/jdk.internal.reflect.NativeConstructorAccessorImpl.newInstance0(Native Method)
	at java.base/jdk.internal.reflect.NativeConstructorAccessorImpl.newInstance(NativeConstructorAccessorImpl.java:77)
	at java.base/jdk.internal.reflect.DelegatingConstructorAccessorImpl.newInstance(DelegatingConstructorAccessorImpl.java:45)
	at java.base/java.lang.reflect.Constructor.newInstanceWithCaller(Constructor.java:499)
	at java.base/java.lang.reflect.Constructor.newInstance(Constructor.java:480)
	at com.mysql.jdbc.Util.handleNewInstance(Util.java:425)
	at com.mysql.jdbc.Util.getInstance(Util.java:408)
	at com.mysql.jdbc.SQLError.createSQLException(SQLError.java:936)
	at com.mysql.jdbc.MysqlIO.checkErrorPacket(MysqlIO.java:3976)
	at com.mysql.jdbc.MysqlIO.checkErrorPacket(MysqlIO.java:3912)
	at com.mysql.jdbc.MysqlIO.sendCommand(MysqlIO.java:2530)
	at com.mysql.jdbc.MysqlIO.sqlQueryDirect(MysqlIO.java:2683)
	at com.mysql.jdbc.ConnectionImpl.execSQL(ConnectionImpl.java:2486)
	at com.mysql.jdbc.PreparedStatement.executeInternal(PreparedStatement.java:1858)
	at com.mysql.jdbc.PreparedStatement.execute(PreparedStatement.java:1197)
	at java.base/jdk.internal.reflect.NativeMethodAccessorImpl.invoke0(Native Method)
	at java.base/jdk.internal.reflect.NativeMethodAccessorImpl.invoke(NativeMethodAccessorImpl.java:77)
	at java.base/jdk.internal.reflect.DelegatingMethodAccessorImpl.invoke(DelegatingMethodAccessorImpl.java:43)
	at java.base/java.lang.reflect.Method.invoke(Method.java:568)
	at org.apache.ibatis.logging.jdbc.PreparedStatementLogger.invoke(PreparedStatementLogger.java:59)
	at jdk.proxy3/jdk.proxy3.$Proxy10.execute(Unknown Source)
	at org.apache.ibatis.executor.statement.PreparedStatementHandler.update(PreparedStatementHandler.java:47)
	at org.apache.ibatis.executor.statement.RoutingStatementHandler.update(RoutingStatementHandler.java:74)
	at org.apache.ibatis.executor.SimpleExecutor.doUpdate(SimpleExecutor.java:50)
	at org.apache.ibatis.executor.BaseExecutor.update(BaseExecutor.java:117)
	at org.apache.ibatis.executor.CachingExecutor.update(CachingExecutor.java:76)
	at org.apache.ibatis.session.defaults.DefaultSqlSession.update(DefaultSqlSession.java:194)
	... 38 more
</error>
    <system-out>【DEBUG】 &amp;#27;[34m23:22:11.074&amp;#27;[0;39m &amp;#27;[36m【main】&amp;#27;[0;39m &amp;#27;[1;32mo.a.i.i.DefaultVFS&amp;#27;[0;39m - Find JAR URL: file:/home/hyb/%e6%96%87%e6%a1%a3/mybatis/mybatis-demo/target/classes/com/itheima/pojo 
【DEBUG】 &amp;#27;[34m23:22:11.074&amp;#27;[0;39m &amp;#27;[36m【main】&amp;#27;[0;39m &amp;#27;[1;32mo.a.i.i.DefaultVFS&amp;#27;[0;39m - Not a JAR: file:/home/hyb/%e6%96%87%e6%a1%a3/mybatis/mybatis-demo/target/classes/com/itheima/pojo 
【DEBUG】 &amp;#27;[34m23:22:11.076&amp;#27;[0;39m &amp;#27;[36m【main】&amp;#27;[0;39m &amp;#27;[1;32mo.a.i.i.DefaultVFS&amp;#27;[0;39m - Reader entry: Brand.class 
【DEBUG】 &amp;#27;[34m23:22:11.076&amp;#27;[0;39m &amp;#27;[36m【main】&amp;#27;[0;39m &amp;#27;[1;32mo.a.i.i.DefaultVFS&amp;#27;[0;39m - Reader entry: User.class 
【DEBUG】 &amp;#27;[34m23:22:11.077&amp;#27;[0;39m &amp;#27;[36m【main】&amp;#27;[0;39m &amp;#27;[1;32mo.a.i.i.DefaultVFS&amp;#27;[0;39m - Listing file:/home/hyb/%e6%96%87%e6%a1%a3/mybatis/mybatis-demo/target/classes/com/itheima/pojo 
【DEBUG】 &amp;#27;[34m23:22:11.078&amp;#27;[0;39m &amp;#27;[36m【main】&amp;#27;[0;39m &amp;#27;[1;32mo.a.i.i.DefaultVFS&amp;#27;[0;39m - Find JAR URL: file:/home/hyb/%e6%96%87%e6%a1%a3/mybatis/mybatis-demo/target/classes/com/itheima/pojo/Brand.class 
【DEBUG】 &amp;#27;[34m23:22:11.079&amp;#27;[0;39m &amp;#27;[36m【main】&amp;#27;[0;39m &amp;#27;[1;32mo.a.i.i.DefaultVFS&amp;#27;[0;39m - Not a JAR: file:/home/hyb/%e6%96%87%e6%a1%a3/mybatis/mybatis-demo/target/classes/com/itheima/pojo/Brand.class 
【DEBUG】 &amp;#27;[34m23:22:11.083&amp;#27;[0;39m &amp;#27;[36m【main】&amp;#27;[0;39m &amp;#27;[1;32mo.a.i.i.DefaultVFS&amp;#27;[0;39m - Reader entry: ����&amp;#0;&amp;#0;&amp;#0;4&amp;#0;P 
【DEBUG】 &amp;#27;[34m23:22:11.086&amp;#27;[0;39m &amp;#27;[36m【main】&amp;#27;[0;39m &amp;#27;[1;32mo.a.i.i.DefaultVFS&amp;#27;[0;39m - Find JAR URL: file:/home/hyb/%e6%96%87%e6%a1%a3/mybatis/mybatis-demo/target/classes/com/itheima/pojo/User.class 
【DEBUG】 &amp;#27;[34m23:22:11.086&amp;#27;[0;39m &amp;#27;[36m【main】&amp;#27;[0;39m &amp;#27;[1;32mo.a.i.i.DefaultVFS&amp;#27;[0;39m - Not a JAR: file:/home/hyb/%e6%96%87%e6%a1%a3/mybatis/mybatis-demo/target/classes/com/itheima/pojo/User.class 
【DEBUG】 &amp;#27;[34m23:22:11.089&amp;#27;[0;39m &amp;#27;[36m【main】&amp;#27;[0;39m &amp;#27;[1;32mo.a.i.i.DefaultVFS&amp;#27;[0;39m - Reader entry: ����&amp;#0;&amp;#0;&amp;#0;4&amp;#0;I 
【DEBUG】 &amp;#27;[34m23:22:11.091&amp;#27;[0;39m &amp;#27;[36m【main】&amp;#27;[0;39m &amp;#27;[1;32mo.a.i.i.ResolverUtil&amp;#27;[0;39m - Checking to see if class com.itheima.pojo.Brand matches criteria [is assignable to Object] 
【DEBUG】 &amp;#27;[34m23:22:11.091&amp;#27;[0;39m &amp;#27;[36m【main】&amp;#27;[0;39m &amp;#27;[1;32mo.a.i.i.ResolverUtil&amp;#27;[0;39m - Checking to see if class com.itheima.pojo.User matches criteria [is assignable to Object] 
【DEBUG】 &amp;#27;[34m23:22:11.110&amp;#27;[0;39m &amp;#27;[36m【main】&amp;#27;[0;39m &amp;#27;[1;32mo.a.i.d.p.PooledDataSource&amp;#27;[0;39m - PooledDataSource forcefully closed/removed all connections. 
【DEBUG】 &amp;#27;[34m23:22:11.111&amp;#27;[0;39m &amp;#27;[36m【main】&amp;#27;[0;39m &amp;#27;[1;32mo.a.i.d.p.PooledDataSource&amp;#27;[0;39m - PooledDataSource forcefully closed/removed all connections. 
【DEBUG】 &amp;#27;[34m23:22:11.113&amp;#27;[0;39m &amp;#27;[36m【main】&amp;#27;[0;39m &amp;#27;[1;32mo.a.i.d.p.PooledDataSource&amp;#27;[0;39m - PooledDataSource forcefully closed/removed all connections. 
【DEBUG】 &amp;#27;[34m23:22:11.116&amp;#27;[0;39m &amp;#27;[36m【main】&amp;#27;[0;39m &amp;#27;[1;32mo.a.i.d.p.PooledDataSource&amp;#27;[0;39m - PooledDataSource forcefully closed/removed all connections. 
【DEBUG】 &amp;#27;[34m23:22:11.120&amp;#27;[0;39m &amp;#27;[36m【main】&amp;#27;[0;39m &amp;#27;[1;32mo.a.i.i.DefaultVFS&amp;#27;[0;39m - Find JAR URL: file:/home/hyb/%e6%96%87%e6%a1%a3/mybatis/mybatis-demo/target/classes/com/itheima/mapper 
【DEBUG】 &amp;#27;[34m23:22:11.121&amp;#27;[0;39m &amp;#27;[36m【main】&amp;#27;[0;39m &amp;#27;[1;32mo.a.i.i.DefaultVFS&amp;#27;[0;39m - Not a JAR: file:/home/hyb/%e6%96%87%e6%a1%a3/mybatis/mybatis-demo/target/classes/com/itheima/mapper 
【DEBUG】 &amp;#27;[34m23:22:11.127&amp;#27;[0;39m &amp;#27;[36m【main】&amp;#27;[0;39m &amp;#27;[1;32mo.a.i.i.DefaultVFS&amp;#27;[0;39m - Reader entry: BrandMapper.class 
【DEBUG】 &amp;#27;[34m23:22:11.128&amp;#27;[0;39m &amp;#27;[36m【main】&amp;#27;[0;39m &amp;#27;[1;32mo.a.i.i.DefaultVFS&amp;#27;[0;39m - Reader entry: BrandMapper.xml 
【DEBUG】 &amp;#27;[34m23:22:11.129&amp;#27;[0;39m &amp;#27;[36m【main】&amp;#27;[0;39m &amp;#27;[1;32mo.a.i.i.DefaultVFS&amp;#27;[0;39m - Reader entry: UserMapper.class 
【DEBUG】 &amp;#27;[34m23:22:11.135&amp;#27;[0;39m &amp;#27;[36m【main】&amp;#27;[0;39m &amp;#27;[1;32mo.a.i.i.DefaultVFS&amp;#27;[0;39m - Reader entry: UserMapper.xml 
【DEBUG】 &amp;#27;[34m23:22:11.137&amp;#27;[0;39m &amp;#27;[36m【main】&amp;#27;[0;39m &amp;#27;[1;32mo.a.i.i.DefaultVFS&amp;#27;[0;39m - Listing file:/home/hyb/%e6%96%87%e6%a1%a3/mybatis/mybatis-demo/target/classes/com/itheima/mapper 
【DEBUG】 &amp;#27;[34m23:22:11.138&amp;#27;[0;39m &amp;#27;[36m【main】&amp;#27;[0;39m &amp;#27;[1;32mo.a.i.i.DefaultVFS&amp;#27;[0;39m - Find JAR URL: file:/home/hyb/%e6%96%87%e6%a1%a3/mybatis/mybatis-demo/target/classes/com/itheima/mapper/BrandMapper.class 
【DEBUG】 &amp;#27;[34m23:22:11.140&amp;#27;[0;39m &amp;#27;[36m【main】&amp;#27;[0;39m &amp;#27;[1;32mo.a.i.i.DefaultVFS&amp;#27;[0;39m - Not a JAR: file:/home/hyb/%e6%96%87%e6%a1%a3/mybatis/mybatis-demo/target/classes/com/itheima/mapper/BrandMapper.class 
【DEBUG】 &amp;#27;[34m23:22:11.142&amp;#27;[0;39m &amp;#27;[36m【main】&amp;#27;[0;39m &amp;#27;[1;32mo.a.i.i.DefaultVFS&amp;#27;[0;39m - Reader entry: ����&amp;#0;&amp;#0;&amp;#0;4&amp;#0;&amp;#23;&amp;#7;&amp;#0;&amp;#2;&amp;#1;&amp;#0;&amp;#30;com/itheima/mapper/BrandMapper&amp;#7;&amp;#0;&amp;#4;&amp;#1;&amp;#0;&amp;#16;java/lang/Object&amp;#1;&amp;#0;	selectAll&amp;#1;&amp;#0;&amp;#18;()Ljava/util/List;&amp;#1;&amp;#0;	Signature&amp;#1;&amp;#0;,()Ljava/util/List&lt;Lcom/itheima/pojo/Brand;&gt;;&amp;#1;&amp;#0; 
【DEBUG】 &amp;#27;[34m23:22:11.149&amp;#27;[0;39m &amp;#27;[36m【main】&amp;#27;[0;39m &amp;#27;[1;32mo.a.i.i.DefaultVFS&amp;#27;[0;39m - Find JAR URL: file:/home/hyb/%e6%96%87%e6%a1%a3/mybatis/mybatis-demo/target/classes/com/itheima/mapper/BrandMapper.xml 
【DEBUG】 &amp;#27;[34m23:22:11.150&amp;#27;[0;39m &amp;#27;[36m【main】&amp;#27;[0;39m &amp;#27;[1;32mo.a.i.i.DefaultVFS&amp;#27;[0;39m - Not a JAR: file:/home/hyb/%e6%96%87%e6%a1%a3/mybatis/mybatis-demo/target/classes/com/itheima/mapper/BrandMapper.xml 
【DEBUG】 &amp;#27;[34m23:22:11.152&amp;#27;[0;39m &amp;#27;[36m【main】&amp;#27;[0;39m &amp;#27;[1;32mo.a.i.i.DefaultVFS&amp;#27;[0;39m - Reader entry: &lt;?xml version=&quot;1.0&quot; encoding=&quot;UTF-8&quot; ?&gt; 
【DEBUG】 &amp;#27;[34m23:22:11.160&amp;#27;[0;39m &amp;#27;[36m【main】&amp;#27;[0;39m &amp;#27;[1;32mo.a.i.i.DefaultVFS&amp;#27;[0;39m - Find JAR URL: file:/home/hyb/%e6%96%87%e6%a1%a3/mybatis/mybatis-demo/target/classes/com/itheima/mapper/UserMapper.class 
【DEBUG】 &amp;#27;[34m23:22:11.162&amp;#27;[0;39m &amp;#27;[36m【main】&amp;#27;[0;39m &amp;#27;[1;32mo.a.i.i.DefaultVFS&amp;#27;[0;39m - Not a JAR: file:/home/hyb/%e6%96%87%e6%a1%a3/mybatis/mybatis-demo/target/classes/com/itheima/mapper/UserMapper.class 
【DEBUG】 &amp;#27;[34m23:22:11.164&amp;#27;[0;39m &amp;#27;[36m【main】&amp;#27;[0;39m &amp;#27;[1;32mo.a.i.i.DefaultVFS&amp;#27;[0;39m - Reader entry: ����&amp;#0;&amp;#0;&amp;#0;4&amp;#0;&amp;#11;&amp;#7;&amp;#0;&amp;#2;&amp;#1;&amp;#0;&amp;#29;com/itheima/mapper/UserMapper&amp;#7;&amp;#0;&amp;#4;&amp;#1;&amp;#0;&amp;#16;java/lang/Object&amp;#1;&amp;#0;	selectAll&amp;#1;&amp;#0;&amp;#18;()Ljava/util/List;&amp;#1;&amp;#0;	Signature&amp;#1;&amp;#0;+()Ljava/util/List&lt;Lcom/itheima/pojo/User;&gt;;&amp;#1;&amp;#0; 
【DEBUG】 &amp;#27;[34m23:22:11.170&amp;#27;[0;39m &amp;#27;[36m【main】&amp;#27;[0;39m &amp;#27;[1;32mo.a.i.i.DefaultVFS&amp;#27;[0;39m - Find JAR URL: file:/home/hyb/%e6%96%87%e6%a1%a3/mybatis/mybatis-demo/target/classes/com/itheima/mapper/UserMapper.xml 
【DEBUG】 &amp;#27;[34m23:22:11.171&amp;#27;[0;39m &amp;#27;[36m【main】&amp;#27;[0;39m &amp;#27;[1;32mo.a.i.i.DefaultVFS&amp;#27;[0;39m - Not a JAR: file:/home/hyb/%e6%96%87%e6%a1%a3/mybatis/mybatis-demo/target/classes/com/itheima/mapper/UserMapper.xml 
【DEBUG】 &amp;#27;[34m23:22:11.173&amp;#27;[0;39m &amp;#27;[36m【main】&amp;#27;[0;39m &amp;#27;[1;32mo.a.i.i.DefaultVFS&amp;#27;[0;39m - Reader entry: &lt;?xml version=&quot;1.0&quot; encoding=&quot;UTF-8&quot; ?&gt; 
【DEBUG】 &amp;#27;[34m23:22:11.175&amp;#27;[0;39m &amp;#27;[36m【main】&amp;#27;[0;39m &amp;#27;[1;32mo.a.i.i.ResolverUtil&amp;#27;[0;39m - Checking to see if class com.itheima.mapper.BrandMapper matches criteria [is assignable to Object] 
【DEBUG】 &amp;#27;[34m23:22:11.176&amp;#27;[0;39m &amp;#27;[36m【main】&amp;#27;[0;39m &amp;#27;[1;32mo.a.i.i.ResolverUtil&amp;#27;[0;39m - Checking to see if class com.itheima.mapper.UserMapper matches criteria [is assignable to Object] 
【DEBUG】 &amp;#27;[34m23:22:11.258&amp;#27;[0;39m &amp;#27;[36m【main】&amp;#27;[0;39m &amp;#27;[1;32mo.a.i.t.j.JdbcTransaction&amp;#27;[0;39m - Opening JDBC Connection 
【DEBUG】 &amp;#27;[34m23:22:11.288&amp;#27;[0;39m &amp;#27;[36m【main】&amp;#27;[0;39m &amp;#27;[1;32mo.a.i.d.p.PooledDataSource&amp;#27;[0;39m - Created connection 1337866219. 
【DEBUG】 &amp;#27;[34m23:22:11.289&amp;#27;[0;39m &amp;#27;[36m【main】&amp;#27;[0;39m &amp;#27;[1;32mc.i.m.B.add&amp;#27;[0;39m - ==&gt;  Preparing: insert into tb_brand (brand_name, company_name, ordered, description, status) value(?, ?, ?, ?, ?) 
【DEBUG】 &amp;#27;[34m23:22:11.293&amp;#27;[0;39m &amp;#27;[36m【main】&amp;#27;[0;39m &amp;#27;[1;32mc.i.m.B.add&amp;#27;[0;39m - ==&gt; Parameters: 波导手机333(String), 波导444(String), 100(Integer), 手机中的战斗机(String), 1(Integer) 
</system-out>
  </testcase>
  <testcase classname="com.itheima.test.MyBatisTest" name="testAdd2" time="0.295">
    <error message="
### Error updating database.  Cause: com.mysql.jdbc.exceptions.jdbc4.MySQLIntegrityConstraintViolationException: Duplicate entry &apos;波导手机222&apos; for key &apos;brand_name&apos;
### The error may exist in com/itheima/mapper/BrandMapper.xml
### The error may involve defaultParameterMap
### The error occurred while setting parameters
### SQL: insert into tb_brand (brand_name, company_name, ordered, description, status)         value(?, ?, ?, ?, ?)
### Cause: com.mysql.jdbc.exceptions.jdbc4.MySQLIntegrityConstraintViolationException: Duplicate entry &apos;波导手机222&apos; for key &apos;brand_name&apos;" type="org.apache.ibatis.exceptions.PersistenceException">org.apache.ibatis.exceptions.PersistenceException: 
### Error updating database.  Cause: com.mysql.jdbc.exceptions.jdbc4.MySQLIntegrityConstraintViolationException: Duplicate entry &apos;波导手机222&apos; for key &apos;brand_name&apos;
### The error may exist in com/itheima/mapper/BrandMapper.xml
### The error may involve defaultParameterMap
### The error occurred while setting parameters
### SQL: insert into tb_brand (brand_name, company_name, ordered, description, status)         value(?, ?, ?, ?, ?)
### Cause: com.mysql.jdbc.exceptions.jdbc4.MySQLIntegrityConstraintViolationException: Duplicate entry &apos;波导手机222&apos; for key &apos;brand_name&apos;
	at org.apache.ibatis.exceptions.ExceptionFactory.wrapException(ExceptionFactory.java:30)
	at org.apache.ibatis.session.defaults.DefaultSqlSession.update(DefaultSqlSession.java:196)
	at org.apache.ibatis.session.defaults.DefaultSqlSession.insert(DefaultSqlSession.java:181)
	at org.apache.ibatis.binding.MapperMethod.execute(MapperMethod.java:62)
	at org.apache.ibatis.binding.MapperProxy$PlainMethodInvoker.invoke(MapperProxy.java:145)
	at org.apache.ibatis.binding.MapperProxy.invoke(MapperProxy.java:86)
	at jdk.proxy2/jdk.proxy2.$Proxy8.add(Unknown Source)
	at com.itheima.test.MyBatisTest.testAdd2(MyBatisTest.java:245)
	at java.base/jdk.internal.reflect.NativeMethodAccessorImpl.invoke0(Native Method)
	at java.base/jdk.internal.reflect.NativeMethodAccessorImpl.invoke(NativeMethodAccessorImpl.java:77)
	at java.base/jdk.internal.reflect.DelegatingMethodAccessorImpl.invoke(DelegatingMethodAccessorImpl.java:43)
	at java.base/java.lang.reflect.Method.invoke(Method.java:568)
	at org.junit.runners.model.FrameworkMethod$1.runReflectiveCall(FrameworkMethod.java:59)
	at org.junit.internal.runners.model.ReflectiveCallable.run(ReflectiveCallable.java:12)
	at org.junit.runners.model.FrameworkMethod.invokeExplosively(FrameworkMethod.java:56)
	at org.junit.internal.runners.statements.InvokeMethod.evaluate(InvokeMethod.java:17)
	at org.junit.runners.ParentRunner$3.evaluate(ParentRunner.java:306)
	at org.junit.runners.BlockJUnit4ClassRunner$1.evaluate(BlockJUnit4ClassRunner.java:100)
	at org.junit.runners.ParentRunner.runLeaf(ParentRunner.java:366)
	at org.junit.runners.BlockJUnit4ClassRunner.runChild(BlockJUnit4ClassRunner.java:103)
	at org.junit.runners.BlockJUnit4ClassRunner.runChild(BlockJUnit4ClassRunner.java:63)
	at org.junit.runners.ParentRunner$4.run(ParentRunner.java:331)
	at org.junit.runners.ParentRunner$1.schedule(ParentRunner.java:79)
	at org.junit.runners.ParentRunner.runChildren(ParentRunner.java:329)
	at org.junit.runners.ParentRunner.access$100(ParentRunner.java:66)
	at org.junit.runners.ParentRunner$2.evaluate(ParentRunner.java:293)
	at org.junit.runners.ParentRunner$3.evaluate(ParentRunner.java:306)
	at org.junit.runners.ParentRunner.run(ParentRunner.java:413)
	at org.apache.maven.surefire.junit4.JUnit4Provider.execute(JUnit4Provider.java:252)
	at org.apache.maven.surefire.junit4.JUnit4Provider.executeTestSet(JUnit4Provider.java:141)
	at org.apache.maven.surefire.junit4.JUnit4Provider.invoke(JUnit4Provider.java:112)
	at java.base/jdk.internal.reflect.NativeMethodAccessorImpl.invoke0(Native Method)
	at java.base/jdk.internal.reflect.NativeMethodAccessorImpl.invoke(NativeMethodAccessorImpl.java:77)
	at java.base/jdk.internal.reflect.DelegatingMethodAccessorImpl.invoke(DelegatingMethodAccessorImpl.java:43)
	at java.base/java.lang.reflect.Method.invoke(Method.java:568)
	at org.apache.maven.surefire.util.ReflectionUtils.invokeMethodWithArray(ReflectionUtils.java:189)
	at org.apache.maven.surefire.booter.ProviderFactory$ProviderProxy.invoke(ProviderFactory.java:165)
	at org.apache.maven.surefire.booter.ProviderFactory.invokeProvider(ProviderFactory.java:85)
	at org.apache.maven.surefire.booter.ForkedBooter.runSuitesInProcess(ForkedBooter.java:115)
	at org.apache.maven.surefire.booter.ForkedBooter.main(ForkedBooter.java:75)
Caused by: com.mysql.jdbc.exceptions.jdbc4.MySQLIntegrityConstraintViolationException: Duplicate entry &apos;波导手机222&apos; for key &apos;brand_name&apos;
	at java.base/jdk.internal.reflect.NativeConstructorAccessorImpl.newInstance0(Native Method)
	at java.base/jdk.internal.reflect.NativeConstructorAccessorImpl.newInstance(NativeConstructorAccessorImpl.java:77)
	at java.base/jdk.internal.reflect.DelegatingConstructorAccessorImpl.newInstance(DelegatingConstructorAccessorImpl.java:45)
	at java.base/java.lang.reflect.Constructor.newInstanceWithCaller(Constructor.java:499)
	at java.base/java.lang.reflect.Constructor.newInstance(Constructor.java:480)
	at com.mysql.jdbc.Util.handleNewInstance(Util.java:425)
	at com.mysql.jdbc.Util.getInstance(Util.java:408)
	at com.mysql.jdbc.SQLError.createSQLException(SQLError.java:936)
	at com.mysql.jdbc.MysqlIO.checkErrorPacket(MysqlIO.java:3976)
	at com.mysql.jdbc.MysqlIO.checkErrorPacket(MysqlIO.java:3912)
	at com.mysql.jdbc.MysqlIO.sendCommand(MysqlIO.java:2530)
	at com.mysql.jdbc.MysqlIO.sqlQueryDirect(MysqlIO.java:2683)
	at com.mysql.jdbc.ConnectionImpl.execSQL(ConnectionImpl.java:2486)
	at com.mysql.jdbc.PreparedStatement.executeInternal(PreparedStatement.java:1858)
	at com.mysql.jdbc.PreparedStatement.execute(PreparedStatement.java:1197)
	at java.base/jdk.internal.reflect.NativeMethodAccessorImpl.invoke0(Native Method)
	at java.base/jdk.internal.reflect.NativeMethodAccessorImpl.invoke(NativeMethodAccessorImpl.java:77)
	at java.base/jdk.internal.reflect.DelegatingMethodAccessorImpl.invoke(DelegatingMethodAccessorImpl.java:43)
	at java.base/java.lang.reflect.Method.invoke(Method.java:568)
	at org.apache.ibatis.logging.jdbc.PreparedStatementLogger.invoke(PreparedStatementLogger.java:59)
	at jdk.proxy3/jdk.proxy3.$Proxy10.execute(Unknown Source)
	at org.apache.ibatis.executor.statement.PreparedStatementHandler.update(PreparedStatementHandler.java:47)
	at org.apache.ibatis.executor.statement.RoutingStatementHandler.update(RoutingStatementHandler.java:74)
	at org.apache.ibatis.executor.SimpleExecutor.doUpdate(SimpleExecutor.java:50)
	at org.apache.ibatis.executor.BaseExecutor.update(BaseExecutor.java:117)
	at org.apache.ibatis.executor.CachingExecutor.update(CachingExecutor.java:76)
	at org.apache.ibatis.session.defaults.DefaultSqlSession.update(DefaultSqlSession.java:194)
	... 38 more
</error>
    <system-out>【DEBUG】 &amp;#27;[34m23:22:11.398&amp;#27;[0;39m &amp;#27;[36m【main】&amp;#27;[0;39m &amp;#27;[1;32mo.a.i.i.DefaultVFS&amp;#27;[0;39m - Find JAR URL: file:/home/hyb/%e6%96%87%e6%a1%a3/mybatis/mybatis-demo/target/classes/com/itheima/pojo 
【DEBUG】 &amp;#27;[34m23:22:11.399&amp;#27;[0;39m &amp;#27;[36m【main】&amp;#27;[0;39m &amp;#27;[1;32mo.a.i.i.DefaultVFS&amp;#27;[0;39m - Not a JAR: file:/home/hyb/%e6%96%87%e6%a1%a3/mybatis/mybatis-demo/target/classes/com/itheima/pojo 
【DEBUG】 &amp;#27;[34m23:22:11.399&amp;#27;[0;39m &amp;#27;[36m【main】&amp;#27;[0;39m &amp;#27;[1;32mo.a.i.i.DefaultVFS&amp;#27;[0;39m - Reader entry: Brand.class 
【DEBUG】 &amp;#27;[34m23:22:11.400&amp;#27;[0;39m &amp;#27;[36m【main】&amp;#27;[0;39m &amp;#27;[1;32mo.a.i.i.DefaultVFS&amp;#27;[0;39m - Reader entry: User.class 
【DEBUG】 &amp;#27;[34m23:22:11.400&amp;#27;[0;39m &amp;#27;[36m【main】&amp;#27;[0;39m &amp;#27;[1;32mo.a.i.i.DefaultVFS&amp;#27;[0;39m - Listing file:/home/hyb/%e6%96%87%e6%a1%a3/mybatis/mybatis-demo/target/classes/com/itheima/pojo 
【DEBUG】 &amp;#27;[34m23:22:11.401&amp;#27;[0;39m &amp;#27;[36m【main】&amp;#27;[0;39m &amp;#27;[1;32mo.a.i.i.DefaultVFS&amp;#27;[0;39m - Find JAR URL: file:/home/hyb/%e6%96%87%e6%a1%a3/mybatis/mybatis-demo/target/classes/com/itheima/pojo/Brand.class 
【DEBUG】 &amp;#27;[34m23:22:11.401&amp;#27;[0;39m &amp;#27;[36m【main】&amp;#27;[0;39m &amp;#27;[1;32mo.a.i.i.DefaultVFS&amp;#27;[0;39m - Not a JAR: file:/home/hyb/%e6%96%87%e6%a1%a3/mybatis/mybatis-demo/target/classes/com/itheima/pojo/Brand.class 
【DEBUG】 &amp;#27;[34m23:22:11.402&amp;#27;[0;39m &amp;#27;[36m【main】&amp;#27;[0;39m &amp;#27;[1;32mo.a.i.i.DefaultVFS&amp;#27;[0;39m - Reader entry: ����&amp;#0;&amp;#0;&amp;#0;4&amp;#0;P 
【DEBUG】 &amp;#27;[34m23:22:11.402&amp;#27;[0;39m &amp;#27;[36m【main】&amp;#27;[0;39m &amp;#27;[1;32mo.a.i.i.DefaultVFS&amp;#27;[0;39m - Find JAR URL: file:/home/hyb/%e6%96%87%e6%a1%a3/mybatis/mybatis-demo/target/classes/com/itheima/pojo/User.class 
【DEBUG】 &amp;#27;[34m23:22:11.403&amp;#27;[0;39m &amp;#27;[36m【main】&amp;#27;[0;39m &amp;#27;[1;32mo.a.i.i.DefaultVFS&amp;#27;[0;39m - Not a JAR: file:/home/hyb/%e6%96%87%e6%a1%a3/mybatis/mybatis-demo/target/classes/com/itheima/pojo/User.class 
【DEBUG】 &amp;#27;[34m23:22:11.417&amp;#27;[0;39m &amp;#27;[36m【main】&amp;#27;[0;39m &amp;#27;[1;32mo.a.i.i.DefaultVFS&amp;#27;[0;39m - Reader entry: ����&amp;#0;&amp;#0;&amp;#0;4&amp;#0;I 
【DEBUG】 &amp;#27;[34m23:22:11.418&amp;#27;[0;39m &amp;#27;[36m【main】&amp;#27;[0;39m &amp;#27;[1;32mo.a.i.i.ResolverUtil&amp;#27;[0;39m - Checking to see if class com.itheima.pojo.Brand matches criteria [is assignable to Object] 
【DEBUG】 &amp;#27;[34m23:22:11.418&amp;#27;[0;39m &amp;#27;[36m【main】&amp;#27;[0;39m &amp;#27;[1;32mo.a.i.i.ResolverUtil&amp;#27;[0;39m - Checking to see if class com.itheima.pojo.User matches criteria [is assignable to Object] 
【DEBUG】 &amp;#27;[34m23:22:11.430&amp;#27;[0;39m &amp;#27;[36m【main】&amp;#27;[0;39m &amp;#27;[1;32mo.a.i.d.p.PooledDataSource&amp;#27;[0;39m - PooledDataSource forcefully closed/removed all connections. 
【DEBUG】 &amp;#27;[34m23:22:11.430&amp;#27;[0;39m &amp;#27;[36m【main】&amp;#27;[0;39m &amp;#27;[1;32mo.a.i.d.p.PooledDataSource&amp;#27;[0;39m - PooledDataSource forcefully closed/removed all connections. 
【DEBUG】 &amp;#27;[34m23:22:11.430&amp;#27;[0;39m &amp;#27;[36m【main】&amp;#27;[0;39m &amp;#27;[1;32mo.a.i.d.p.PooledDataSource&amp;#27;[0;39m - PooledDataSource forcefully closed/removed all connections. 
【DEBUG】 &amp;#27;[34m23:22:11.430&amp;#27;[0;39m &amp;#27;[36m【main】&amp;#27;[0;39m &amp;#27;[1;32mo.a.i.d.p.PooledDataSource&amp;#27;[0;39m - PooledDataSource forcefully closed/removed all connections. 
【DEBUG】 &amp;#27;[34m23:22:11.451&amp;#27;[0;39m &amp;#27;[36m【main】&amp;#27;[0;39m &amp;#27;[1;32mo.a.i.i.DefaultVFS&amp;#27;[0;39m - Find JAR URL: file:/home/hyb/%e6%96%87%e6%a1%a3/mybatis/mybatis-demo/target/classes/com/itheima/mapper 
【DEBUG】 &amp;#27;[34m23:22:11.451&amp;#27;[0;39m &amp;#27;[36m【main】&amp;#27;[0;39m &amp;#27;[1;32mo.a.i.i.DefaultVFS&amp;#27;[0;39m - Not a JAR: file:/home/hyb/%e6%96%87%e6%a1%a3/mybatis/mybatis-demo/target/classes/com/itheima/mapper 
【DEBUG】 &amp;#27;[34m23:22:11.460&amp;#27;[0;39m &amp;#27;[36m【main】&amp;#27;[0;39m &amp;#27;[1;32mo.a.i.i.DefaultVFS&amp;#27;[0;39m - Reader entry: BrandMapper.class 
【DEBUG】 &amp;#27;[34m23:22:11.466&amp;#27;[0;39m &amp;#27;[36m【main】&amp;#27;[0;39m &amp;#27;[1;32mo.a.i.i.DefaultVFS&amp;#27;[0;39m - Reader entry: BrandMapper.xml 
【DEBUG】 &amp;#27;[34m23:22:11.467&amp;#27;[0;39m &amp;#27;[36m【main】&amp;#27;[0;39m &amp;#27;[1;32mo.a.i.i.DefaultVFS&amp;#27;[0;39m - Reader entry: UserMapper.class 
【DEBUG】 &amp;#27;[34m23:22:11.468&amp;#27;[0;39m &amp;#27;[36m【main】&amp;#27;[0;39m &amp;#27;[1;32mo.a.i.i.DefaultVFS&amp;#27;[0;39m - Reader entry: UserMapper.xml 
【DEBUG】 &amp;#27;[34m23:22:11.468&amp;#27;[0;39m &amp;#27;[36m【main】&amp;#27;[0;39m &amp;#27;[1;32mo.a.i.i.DefaultVFS&amp;#27;[0;39m - Listing file:/home/hyb/%e6%96%87%e6%a1%a3/mybatis/mybatis-demo/target/classes/com/itheima/mapper 
【DEBUG】 &amp;#27;[34m23:22:11.469&amp;#27;[0;39m &amp;#27;[36m【main】&amp;#27;[0;39m &amp;#27;[1;32mo.a.i.i.DefaultVFS&amp;#27;[0;39m - Find JAR URL: file:/home/hyb/%e6%96%87%e6%a1%a3/mybatis/mybatis-demo/target/classes/com/itheima/mapper/BrandMapper.class 
【DEBUG】 &amp;#27;[34m23:22:11.470&amp;#27;[0;39m &amp;#27;[36m【main】&amp;#27;[0;39m &amp;#27;[1;32mo.a.i.i.DefaultVFS&amp;#27;[0;39m - Not a JAR: file:/home/hyb/%e6%96%87%e6%a1%a3/mybatis/mybatis-demo/target/classes/com/itheima/mapper/BrandMapper.class 
【DEBUG】 &amp;#27;[34m23:22:11.472&amp;#27;[0;39m &amp;#27;[36m【main】&amp;#27;[0;39m &amp;#27;[1;32mo.a.i.i.DefaultVFS&amp;#27;[0;39m - Reader entry: ����&amp;#0;&amp;#0;&amp;#0;4&amp;#0;&amp;#23;&amp;#7;&amp;#0;&amp;#2;&amp;#1;&amp;#0;&amp;#30;com/itheima/mapper/BrandMapper&amp;#7;&amp;#0;&amp;#4;&amp;#1;&amp;#0;&amp;#16;java/lang/Object&amp;#1;&amp;#0;	selectAll&amp;#1;&amp;#0;&amp;#18;()Ljava/util/List;&amp;#1;&amp;#0;	Signature&amp;#1;&amp;#0;,()Ljava/util/List&lt;Lcom/itheima/pojo/Brand;&gt;;&amp;#1;&amp;#0; 
【DEBUG】 &amp;#27;[34m23:22:11.473&amp;#27;[0;39m &amp;#27;[36m【main】&amp;#27;[0;39m &amp;#27;[1;32mo.a.i.i.DefaultVFS&amp;#27;[0;39m - Find JAR URL: file:/home/hyb/%e6%96%87%e6%a1%a3/mybatis/mybatis-demo/target/classes/com/itheima/mapper/BrandMapper.xml 
【DEBUG】 &amp;#27;[34m23:22:11.474&amp;#27;[0;39m &amp;#27;[36m【main】&amp;#27;[0;39m &amp;#27;[1;32mo.a.i.i.DefaultVFS&amp;#27;[0;39m - Not a JAR: file:/home/hyb/%e6%96%87%e6%a1%a3/mybatis/mybatis-demo/target/classes/com/itheima/mapper/BrandMapper.xml 
【DEBUG】 &amp;#27;[34m23:22:11.476&amp;#27;[0;39m &amp;#27;[36m【main】&amp;#27;[0;39m &amp;#27;[1;32mo.a.i.i.DefaultVFS&amp;#27;[0;39m - Reader entry: &lt;?xml version=&quot;1.0&quot; encoding=&quot;UTF-8&quot; ?&gt; 
【DEBUG】 &amp;#27;[34m23:22:11.477&amp;#27;[0;39m &amp;#27;[36m【main】&amp;#27;[0;39m &amp;#27;[1;32mo.a.i.i.DefaultVFS&amp;#27;[0;39m - Find JAR URL: file:/home/hyb/%e6%96%87%e6%a1%a3/mybatis/mybatis-demo/target/classes/com/itheima/mapper/UserMapper.class 
【DEBUG】 &amp;#27;[34m23:22:11.479&amp;#27;[0;39m &amp;#27;[36m【main】&amp;#27;[0;39m &amp;#27;[1;32mo.a.i.i.DefaultVFS&amp;#27;[0;39m - Not a JAR: file:/home/hyb/%e6%96%87%e6%a1%a3/mybatis/mybatis-demo/target/classes/com/itheima/mapper/UserMapper.class 
【DEBUG】 &amp;#27;[34m23:22:11.481&amp;#27;[0;39m &amp;#27;[36m【main】&amp;#27;[0;39m &amp;#27;[1;32mo.a.i.i.DefaultVFS&amp;#27;[0;39m - Reader entry: ����&amp;#0;&amp;#0;&amp;#0;4&amp;#0;&amp;#11;&amp;#7;&amp;#0;&amp;#2;&amp;#1;&amp;#0;&amp;#29;com/itheima/mapper/UserMapper&amp;#7;&amp;#0;&amp;#4;&amp;#1;&amp;#0;&amp;#16;java/lang/Object&amp;#1;&amp;#0;	selectAll&amp;#1;&amp;#0;&amp;#18;()Ljava/util/List;&amp;#1;&amp;#0;	Signature&amp;#1;&amp;#0;+()Ljava/util/List&lt;Lcom/itheima/pojo/User;&gt;;&amp;#1;&amp;#0; 
【DEBUG】 &amp;#27;[34m23:22:11.485&amp;#27;[0;39m &amp;#27;[36m【main】&amp;#27;[0;39m &amp;#27;[1;32mo.a.i.i.DefaultVFS&amp;#27;[0;39m - Find JAR URL: file:/home/hyb/%e6%96%87%e6%a1%a3/mybatis/mybatis-demo/target/classes/com/itheima/mapper/UserMapper.xml 
【DEBUG】 &amp;#27;[34m23:22:11.486&amp;#27;[0;39m &amp;#27;[36m【main】&amp;#27;[0;39m &amp;#27;[1;32mo.a.i.i.DefaultVFS&amp;#27;[0;39m - Not a JAR: file:/home/hyb/%e6%96%87%e6%a1%a3/mybatis/mybatis-demo/target/classes/com/itheima/mapper/UserMapper.xml 
【DEBUG】 &amp;#27;[34m23:22:11.487&amp;#27;[0;39m &amp;#27;[36m【main】&amp;#27;[0;39m &amp;#27;[1;32mo.a.i.i.DefaultVFS&amp;#27;[0;39m - Reader entry: &lt;?xml version=&quot;1.0&quot; encoding=&quot;UTF-8&quot; ?&gt; 
【DEBUG】 &amp;#27;[34m23:22:11.487&amp;#27;[0;39m &amp;#27;[36m【main】&amp;#27;[0;39m &amp;#27;[1;32mo.a.i.i.ResolverUtil&amp;#27;[0;39m - Checking to see if class com.itheima.mapper.BrandMapper matches criteria [is assignable to Object] 
【DEBUG】 &amp;#27;[34m23:22:11.488&amp;#27;[0;39m &amp;#27;[36m【main】&amp;#27;[0;39m &amp;#27;[1;32mo.a.i.i.ResolverUtil&amp;#27;[0;39m - Checking to see if class com.itheima.mapper.UserMapper matches criteria [is assignable to Object] 
【DEBUG】 &amp;#27;[34m23:22:11.610&amp;#27;[0;39m &amp;#27;[36m【main】&amp;#27;[0;39m &amp;#27;[1;32mo.a.i.t.j.JdbcTransaction&amp;#27;[0;39m - Opening JDBC Connection 
【DEBUG】 &amp;#27;[34m23:22:11.637&amp;#27;[0;39m &amp;#27;[36m【main】&amp;#27;[0;39m &amp;#27;[1;32mo.a.i.d.p.PooledDataSource&amp;#27;[0;39m - Created connection 1320105604. 
【DEBUG】 &amp;#27;[34m23:22:11.637&amp;#27;[0;39m &amp;#27;[36m【main】&amp;#27;[0;39m &amp;#27;[1;32mo.a.i.t.j.JdbcTransaction&amp;#27;[0;39m - Setting autocommit to false on JDBC Connection [com.mysql.jdbc.JDBC4Connection@4eaf3684] 
【DEBUG】 &amp;#27;[34m23:22:11.641&amp;#27;[0;39m &amp;#27;[36m【main】&amp;#27;[0;39m &amp;#27;[1;32mc.i.m.B.add&amp;#27;[0;39m - ==&gt;  Preparing: insert into tb_brand (brand_name, company_name, ordered, description, status) value(?, ?, ?, ?, ?) 
【DEBUG】 &amp;#27;[34m23:22:11.644&amp;#27;[0;39m &amp;#27;[36m【main】&amp;#27;[0;39m &amp;#27;[1;32mc.i.m.B.add&amp;#27;[0;39m - ==&gt; Parameters: 波导手机222(String), 波导111(String), 100(Integer), 手机中的战斗机(String), 1(Integer) 
</system-out>
  </testcase>
  <testcase classname="com.itheima.test.MyBatisTest" name="testSelectAll" time="0.334"/>
  <testcase classname="com.itheima.test.MyBatisTest" name="testSelectByConditionSingle" time="0.198"/>
  <testcase classname="com.itheima.test.MyBatisTest" name="testUpdate" time="0.24"/>
  <testcase classname="com.itheima.test.MyBatisTest" name="testSelectById" time="0.215"/>
</testsuite>